[debug] [2022-08-17T09:39:32.612Z] ----------------------------------------------------------------------
[debug] [2022-08-17T09:39:32.613Z] Command:       /usr/local/bin/node /usr/local/bin/firebase init
[debug] [2022-08-17T09:39:32.614Z] CLI Version:   11.7.0
[debug] [2022-08-17T09:39:32.614Z] Platform:      darwin
[debug] [2022-08-17T09:39:32.614Z] Node Version:  v16.14.2
[debug] [2022-08-17T09:39:32.615Z] Time:          Wed Aug 17 2022 12:39:32 GMT+0300 (East Africa Time)
[debug] [2022-08-17T09:39:32.615Z] ----------------------------------------------------------------------
[debug] 
[debug] [2022-08-17T09:39:32.619Z] > command requires scopes: ["email","openid","https://www.googleapis.com/auth/cloudplatformprojects.readonly","https://www.googleapis.com/auth/firebase","https://www.googleapis.com/auth/cloud-platform"]
[debug] [2022-08-17T09:39:32.620Z] > authorizing via signed-in user (edwardmakari@gmail.com)
[info] 
     ######## #### ########  ######## ########     ###     ######  ########
     ##        ##  ##     ## ##       ##     ##  ##   ##  ##       ##
     ######    ##  ########  ######   ########  #########  ######  ######
     ##        ##  ##    ##  ##       ##     ## ##     ##       ## ##
     ##       #### ##     ## ######## ########  ##     ##  ######  ########

You're about to initialize a Firebase project in this directory:

  /Users/edwardmakari/amazon-clone2

[info] 
=== Project Setup
[info] 
[info] First, let's associate this project directory with a Firebase project.
[info] You can create multiple project aliases by running firebase use --add, 
[info] but for now we'll just set up a default project.
[info] 
[debug] [2022-08-17T09:43:33.869Z] >>> [apiv2][query] GET https://firebase.googleapis.com/v1beta1/projects pageSize=100
[debug] [2022-08-17T09:43:34.793Z] <<< [apiv2][status] GET https://firebase.googleapis.com/v1beta1/projects 200
[debug] [2022-08-17T09:43:34.793Z] <<< [apiv2][body] GET https://firebase.googleapis.com/v1beta1/projects [omitted]
[info] i  Using project fir-challenge-43c34 (amazons-challenge) 
[info] 
=== Hosting Setup
[info] 
[info] Your public directory is the folder (relative to your project directory) that
[info] will contain Hosting assets to be uploaded with firebase deploy. If you
[info] have a build process for your assets, use your build's output directory.
[info] 
[debug] [2022-08-17T09:44:34.455Z] >>> [apiv2][query] GET https://www.gstatic.com/firebasejs/releases.json [none]
[debug] [2022-08-17T09:44:34.757Z] <<< [apiv2][status] GET https://www.gstatic.com/firebasejs/releases.json 200
[debug] [2022-08-17T09:44:34.758Z] <<< [apiv2][body] GET https://www.gstatic.com/firebasejs/releases.json {"current":{"version":"9.9.2","browserURL":"https://www.gstatic.com/firebasejs/9.9.2/firebase.js","packageURL":"https://www.gstatic.com/firebasejs/9.9.2/firebase.tgz"},"live":{"version":"9.9","browserURL":"https://www.gstatic.com/firebasejs/live/9.9/firebase.js","packageURL":"https://www.gstatic.com/firebasejs/live/9.9/firebase.tgz"},"components":{"analytics":"https://www.gstatic.com/firebasejs/9.9.2/firebase-analytics.js","app":"https://www.gstatic.com/firebasejs/9.9.2/firebase-app.js","app-check":"https://www.gstatic.com/firebasejs/9.9.2/firebase-app-check.js","auth":"https://www.gstatic.com/firebasejs/9.9.2/firebase-auth.js","auth/cordova":"https://www.gstatic.com/firebasejs/9.9.2/firebase-auth/cordova.js","auth/react-native":"https://www.gstatic.com/firebasejs/9.9.2/firebase-auth/react-native.js","functions":"https://www.gstatic.com/firebasejs/9.9.2/firebase-functions.js","firestore":"https://www.gstatic.com/firebasejs/9.9.2/firebase-firestore.js","firestore/lite":"https://www.gstatic.com/firebasejs/9.9.2/firebase-firestore/lite.js","installations":"https://www.gstatic.com/firebasejs/9.9.2/firebase-installations.js","storage":"https://www.gstatic.com/firebasejs/9.9.2/firebase-storage.js","performance":"https://www.gstatic.com/firebasejs/9.9.2/firebase-performance.js","remote-config":"https://www.gstatic.com/firebasejs/9.9.2/firebase-remote-config.js","messaging":"https://www.gstatic.com/firebasejs/9.9.2/firebase-messaging.js","messaging/sw":"https://www.gstatic.com/firebasejs/9.9.2/firebase-messaging/sw.js","database":"https://www.gstatic.com/firebasejs/9.9.2/firebase-database.js","firestore.memory":"https://www.gstatic.com/firebasejs/9.9.2/firebase-firestore.memory.js"}}
[info] ✔  Wrote build/index.html 
[info] 
[info] i  Didn't detect a .git folder. Assuming /Users/edwardmakari/amazon-clone2 is the project root. 
[info] i  Authorizing with GitHub to upload your service account to a GitHub repository's secrets store. 
[info] 
[info] Visit this URL on this device to log in:
[info] https://github.com/login/oauth/authorize?client_id=89cf50f02ac6aaed3484&state=92594921&redirect_uri=http%3A%2F%2Flocalhost%3A9005&scope=read%3Auser%20repo%20public_repo
[info] 
[info] Waiting for authentication...
[debug] [2022-08-17T09:44:50.331Z] >>> [apiv2][query] POST https://github.com/login/oauth/access_token [none]
[debug] [2022-08-17T09:44:50.332Z] >>> [apiv2][body] POST https://github.com/login/oauth/access_token [stream]
[debug] [2022-08-17T09:44:51.220Z] <<< [apiv2][status] POST https://github.com/login/oauth/access_token 200
[debug] [2022-08-17T09:44:51.221Z] <<< [apiv2][body] POST https://github.com/login/oauth/access_token {"access_token":"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","token_type":"bearer","scope":"read:user,repo"}
[debug] [2022-08-17T09:44:51.240Z] >>> [apiv2][query] GET https://api.github.com/user [none]
[debug] [2022-08-17T09:44:52.139Z] <<< [apiv2][status] GET https://api.github.com/user 200
[debug] [2022-08-17T09:44:52.140Z] <<< [apiv2][body] GET https://api.github.com/user {"login":"Sr72blackbird","id":33988733,"node_id":"MDQ6VXNlcjMzOTg4NzMz","avatar_url":"https://avatars.githubusercontent.com/u/33988733?v=4","gravatar_id":"","url":"https://api.github.com/users/Sr72blackbird","html_url":"https://github.com/Sr72blackbird","followers_url":"https://api.github.com/users/Sr72blackbird/followers","following_url":"https://api.github.com/users/Sr72blackbird/following{/other_user}","gists_url":"https://api.github.com/users/Sr72blackbird/gists{/gist_id}","starred_url":"https://api.github.com/users/Sr72blackbird/starred{/owner}{/repo}","subscriptions_url":"https://api.github.com/users/Sr72blackbird/subscriptions","organizations_url":"https://api.github.com/users/Sr72blackbird/orgs","repos_url":"https://api.github.com/users/Sr72blackbird/repos","events_url":"https://api.github.com/users/Sr72blackbird/events{/privacy}","received_events_url":"https://api.github.com/users/Sr72blackbird/received_events","type":"User","site_admin":false,"name":null,"company":null,"blog":"","location":null,"email":null,"hireable":null,"bio":null,"twitter_username":null,"public_repos":4,"public_gists":0,"followers":0,"following":0,"created_at":"2017-11-25T19:41:38Z","updated_at":"2022-04-12T12:37:26Z","private_gists":0,"total_private_repos":0,"owned_private_repos":0,"disk_usage":875,"collaborators":0,"two_factor_authentication":false,"plan":{"name":"free","space":976562499,"collaborators":0,"private_repos":10000}}
[info] 
[info] ✔  Success! Logged into GitHub as Sr72blackbird 
[info] 
[debug] [2022-08-17T09:45:20.311Z] >>> [apiv2][query] GET https://api.github.com/repos/n/actions/secrets/public-key type=owner
[debug] [2022-08-17T09:45:21.266Z] <<< [apiv2][status] GET https://api.github.com/repos/n/actions/secrets/public-key 404
[debug] [2022-08-17T09:45:21.267Z] <<< [apiv2][body] GET https://api.github.com/repos/n/actions/secrets/public-key {"message":"Not Found","documentation_url":"https://docs.github.com/rest"}
[debug] [2022-08-17T09:48:39.324Z] >>> [apiv2][query] GET https://api.github.com/repos/Sr72blackbird/Amazon-clone2.git/actions/secrets/public-key type=owner
[debug] [2022-08-17T09:48:40.342Z] <<< [apiv2][status] GET https://api.github.com/repos/Sr72blackbird/Amazon-clone2.git/actions/secrets/public-key 404
[debug] [2022-08-17T09:48:40.342Z] <<< [apiv2][body] GET https://api.github.com/repos/Sr72blackbird/Amazon-clone2.git/actions/secrets/public-key {"message":"Not Found","documentation_url":"https://docs.github.com/rest/reference/actions#get-a-repository-public-key"}
[debug] [2022-08-17T09:48:50.000Z] >>> [apiv2][query] GET https://api.github.com/repos/Sr72blackbird/Amazon-clone2.git/actions/secrets/public-key type=owner
[debug] [2022-08-17T09:48:50.982Z] <<< [apiv2][status] GET https://api.github.com/repos/Sr72blackbird/Amazon-clone2.git/actions/secrets/public-key 404
[debug] [2022-08-17T09:48:50.982Z] <<< [apiv2][body] GET https://api.github.com/repos/Sr72blackbird/Amazon-clone2.git/actions/secrets/public-key {"message":"Not Found","documentation_url":"https://docs.github.com/rest/reference/actions#get-a-repository-public-key"}
[debug] [2022-08-17T09:48:51.953Z] >>> [apiv2][query] GET https://api.github.com/repos/Sr72blackbird/Amazon-clone2.git/actions/secrets/public-key type=owner
[debug] [2022-08-17T09:48:52.832Z] <<< [apiv2][status] GET https://api.github.com/repos/Sr72blackbird/Amazon-clone2.git/actions/secrets/public-key 404
[debug] [2022-08-17T09:48:52.832Z] <<< [apiv2][body] GET https://api.github.com/repos/Sr72blackbird/Amazon-clone2.git/actions/secrets/public-key {"message":"Not Found","documentation_url":"https://docs.github.com/rest/reference/actions#get-a-repository-public-key"}
[debug] [2022-08-17T09:48:58.806Z] >>> [apiv2][query] GET https://api.github.com/repos/Sr72blackbird/Amazon-clone2.git/actions/secrets/public-key type=owner
[debug] [2022-08-17T09:48:59.542Z] <<< [apiv2][status] GET https://api.github.com/repos/Sr72blackbird/Amazon-clone2.git/actions/secrets/public-key 404
[debug] [2022-08-17T09:48:59.543Z] <<< [apiv2][body] GET https://api.github.com/repos/Sr72blackbird/Amazon-clone2.git/actions/secrets/public-key {"message":"Not Found","documentation_url":"https://docs.github.com/rest/reference/actions#get-a-repository-public-key"}
